  linerList.cpp
e:\徐老师数据结构\linerlist\linerlist\linerlist.cpp(21): error C2065: “SqList”: 未声明的标识符
e:\徐老师数据结构\linerlist\linerlist\linerlist.cpp(21): error C2065: “L”: 未声明的标识符
e:\徐老师数据结构\linerlist\linerlist\linerlist.cpp(22): error C2065: “SqList”: 未声明的标识符
e:\徐老师数据结构\linerlist\linerlist\linerlist.cpp(22): error C2065: “L”: 未声明的标识符
e:\徐老师数据结构\linerlist\linerlist\linerlist.cpp(22): error C2062: 意外的类型“int”
e:\徐老师数据结构\linerlist\linerlist\linerlist.cpp(23): error C2065: “SqList”: 未声明的标识符
e:\徐老师数据结构\linerlist\linerlist\linerlist.cpp(23): error C2146: 语法错误: 缺少“)”(在标识符“L”的前面)
e:\徐老师数据结构\linerlist\linerlist\linerlist.cpp(24): error C2065: “SqList”: 未声明的标识符
e:\徐老师数据结构\linerlist\linerlist\linerlist.cpp(24): error C2065: “L”: 未声明的标识符
e:\徐老师数据结构\linerlist\linerlist\linerlist.cpp(24): error C2062: 意外的类型“int”
e:\徐老师数据结构\linerlist\linerlist\linerlist.cpp(25): error C2065: “SqList”: 未声明的标识符
e:\徐老师数据结构\linerlist\linerlist\linerlist.cpp(25): error C2146: 语法错误: 缺少“)”(在标识符“L”的前面)
e:\徐老师数据结构\linerlist\linerlist\linerlist.cpp(29): error C2065: “SqList”: 未声明的标识符
e:\徐老师数据结构\linerlist\linerlist\linerlist.cpp(29): error C2146: 语法错误: 缺少“)”(在标识符“L”的前面)
e:\徐老师数据结构\linerlist\linerlist\linerlist.cpp(30): error C2065: “SqList”: 未声明的标识符
e:\徐老师数据结构\linerlist\linerlist\linerlist.cpp(30): error C2146: 语法错误: 缺少“)”(在标识符“L”的前面)
e:\徐老师数据结构\linerlist\linerlist\linerlist.cpp(31): error C2065: “SqList”: 未声明的标识符
e:\徐老师数据结构\linerlist\linerlist\linerlist.cpp(31): error C2065: “la”: 未声明的标识符
e:\徐老师数据结构\linerlist\linerlist\linerlist.cpp(31): error C2065: “lb”: 未声明的标识符
e:\徐老师数据结构\linerlist\linerlist\linerlist.cpp(35): error C2065: “SqList”: 未声明的标识符
e:\徐老师数据结构\linerlist\linerlist\linerlist.cpp(35): error C2146: 语法错误: 缺少“;”(在标识符“la”的前面)
e:\徐老师数据结构\linerlist\linerlist\linerlist.cpp(35): error C2065: “la”: 未声明的标识符
e:\徐老师数据结构\linerlist\linerlist\linerlist.cpp(38): error C2065: “la”: 未声明的标识符
e:\徐老师数据结构\linerlist\linerlist\linerlist.cpp(47): error C2065: “la”: 未声明的标识符
e:\徐老师数据结构\linerlist\linerlist\linerlist.cpp(47): error C3861: “printList”: 找不到标识符
e:\徐老师数据结构\linerlist\linerlist\linerlist.cpp(49): error C2065: “SqList”: 未声明的标识符
e:\徐老师数据结构\linerlist\linerlist\linerlist.cpp(49): error C2146: 语法错误: 缺少“;”(在标识符“lb”的前面)
e:\徐老师数据结构\linerlist\linerlist\linerlist.cpp(49): error C2065: “lb”: 未声明的标识符
e:\徐老师数据结构\linerlist\linerlist\linerlist.cpp(52): error C2065: “lb”: 未声明的标识符
e:\徐老师数据结构\linerlist\linerlist\linerlist.cpp(60): error C2065: “lb”: 未声明的标识符
e:\徐老师数据结构\linerlist\linerlist\linerlist.cpp(60): error C3861: “insertList”: 找不到标识符
e:\徐老师数据结构\linerlist\linerlist\linerlist.cpp(61): error C2065: “lb”: 未声明的标识符
e:\徐老师数据结构\linerlist\linerlist\linerlist.cpp(61): error C3861: “insertList”: 找不到标识符
e:\徐老师数据结构\linerlist\linerlist\linerlist.cpp(62): error C2065: “lb”: 未声明的标识符
e:\徐老师数据结构\linerlist\linerlist\linerlist.cpp(62): error C3861: “insertList”: 找不到标识符
e:\徐老师数据结构\linerlist\linerlist\linerlist.cpp(63): error C2065: “lb”: 未声明的标识符
e:\徐老师数据结构\linerlist\linerlist\linerlist.cpp(63): error C3861: “insertList”: 找不到标识符
e:\徐老师数据结构\linerlist\linerlist\linerlist.cpp(64): error C2065: “lb”: 未声明的标识符
e:\徐老师数据结构\linerlist\linerlist\linerlist.cpp(64): error C3861: “insertList”: 找不到标识符
e:\徐老师数据结构\linerlist\linerlist\linerlist.cpp(65): error C2065: “lb”: 未声明的标识符
e:\徐老师数据结构\linerlist\linerlist\linerlist.cpp(65): error C3861: “insertList”: 找不到标识符
e:\徐老师数据结构\linerlist\linerlist\linerlist.cpp(66): error C2065: “lb”: 未声明的标识符
e:\徐老师数据结构\linerlist\linerlist\linerlist.cpp(66): error C3861: “insertList”: 找不到标识符
e:\徐老师数据结构\linerlist\linerlist\linerlist.cpp(67): error C2065: “lb”: 未声明的标识符
e:\徐老师数据结构\linerlist\linerlist\linerlist.cpp(67): error C3861: “insertList”: 找不到标识符
e:\徐老师数据结构\linerlist\linerlist\linerlist.cpp(68): error C2065: “lb”: 未声明的标识符
e:\徐老师数据结构\linerlist\linerlist\linerlist.cpp(68): error C3861: “insertList”: 找不到标识符
e:\徐老师数据结构\linerlist\linerlist\linerlist.cpp(69): error C2065: “lb”: 未声明的标识符
e:\徐老师数据结构\linerlist\linerlist\linerlist.cpp(69): error C3861: “printList”: 找不到标识符
e:\徐老师数据结构\linerlist\linerlist\linerlist.cpp(71): error C2065: “la”: 未声明的标识符
e:\徐老师数据结构\linerlist\linerlist\linerlist.cpp(71): error C2065: “lb”: 未声明的标识符
e:\徐老师数据结构\linerlist\linerlist\linerlist.cpp(125): error C2065: “SqList”: 未声明的标识符
e:\徐老师数据结构\linerlist\linerlist\linerlist.cpp(125): error C2065: “L”: 未声明的标识符
e:\徐老师数据结构\linerlist\linerlist\linerlist.cpp(125): error C2374: “creatList”: 重定义；多次初始化
  e:\徐老师数据结构\linerlist\linerlist\linerlist.cpp(21): note: 参见“creatList”的声明
e:\徐老师数据结构\linerlist\linerlist\linerlist.cpp(126): error C2448: “creatList”: 函数样式初始值设定项类似函数定义
e:\徐老师数据结构\linerlist\linerlist\linerlist.cpp(138): error C2065: “SqList”: 未声明的标识符
e:\徐老师数据结构\linerlist\linerlist\linerlist.cpp(138): error C2065: “la”: 未声明的标识符
e:\徐老师数据结构\linerlist\linerlist\linerlist.cpp(138): error C2065: “lb”: 未声明的标识符
e:\徐老师数据结构\linerlist\linerlist\linerlist.cpp(138): error C2374: “list”: 重定义；多次初始化
  e:\徐老师数据结构\linerlist\linerlist\linerlist.cpp(31): note: 参见“list”的声明
e:\徐老师数据结构\linerlist\linerlist\linerlist.cpp(139): error C2448: “list”: 函数样式初始值设定项类似函数定义
e:\徐老师数据结构\linerlist\linerlist\linerlist.cpp(177): error C2065: “SqList”: 未声明的标识符
e:\徐老师数据结构\linerlist\linerlist\linerlist.cpp(177): error C2065: “L”: 未声明的标识符
e:\徐老师数据结构\linerlist\linerlist\linerlist.cpp(177): error C2062: 意外的类型“int”
e:\徐老师数据结构\linerlist\linerlist\linerlist.cpp(178): error C2143: 语法错误: 缺少“;”(在“{”的前面)
e:\徐老师数据结构\linerlist\linerlist\linerlist.cpp(178): error C2447: “{”: 缺少函数标题(是否是老式的形式表?)
e:\徐老师数据结构\linerlist\linerlist\linerlist.cpp(209): error C2065: “SqList”: 未声明的标识符
e:\徐老师数据结构\linerlist\linerlist\linerlist.cpp(209): error C2146: 语法错误: 缺少“)”(在标识符“L”的前面)
e:\徐老师数据结构\linerlist\linerlist\linerlist.cpp(210): error C2143: 语法错误: 缺少“;”(在“{”的前面)
e:\徐老师数据结构\linerlist\linerlist\linerlist.cpp(210): error C2447: “{”: 缺少函数标题(是否是老式的形式表?)
e:\徐老师数据结构\linerlist\linerlist\linerlist.cpp(218): error C2065: “SqList”: 未声明的标识符
e:\徐老师数据结构\linerlist\linerlist\linerlist.cpp(218): error C2065: “L”: 未声明的标识符
e:\徐老师数据结构\linerlist\linerlist\linerlist.cpp(218): error C2062: 意外的类型“int”
e:\徐老师数据结构\linerlist\linerlist\linerlist.cpp(219): error C2143: 语法错误: 缺少“;”(在“{”的前面)
e:\徐老师数据结构\linerlist\linerlist\linerlist.cpp(219): error C2447: “{”: 缺少函数标题(是否是老式的形式表?)
e:\徐老师数据结构\linerlist\linerlist\linerlist.cpp(236): error C2065: “SqList”: 未声明的标识符
e:\徐老师数据结构\linerlist\linerlist\linerlist.cpp(236): error C2146: 语法错误: 缺少“)”(在标识符“L”的前面)
e:\徐老师数据结构\linerlist\linerlist\linerlist.cpp(237): error C2143: 语法错误: 缺少“;”(在“{”的前面)
e:\徐老师数据结构\linerlist\linerlist\linerlist.cpp(237): error C2447: “{”: 缺少函数标题(是否是老式的形式表?)
e:\徐老师数据结构\linerlist\linerlist\linerlist.cpp(265): error C2065: “SqList”: 未声明的标识符
e:\徐老师数据结构\linerlist\linerlist\linerlist.cpp(265): error C2146: 语法错误: 缺少“)”(在标识符“L”的前面)
e:\徐老师数据结构\linerlist\linerlist\linerlist.cpp(266): error C2143: 语法错误: 缺少“;”(在“{”的前面)
e:\徐老师数据结构\linerlist\linerlist\linerlist.cpp(266): error C2447: “{”: 缺少函数标题(是否是老式的形式表?)
e:\徐老师数据结构\linerlist\linerlist\linerlist.cpp(278): error C2065: “SqList”: 未声明的标识符
e:\徐老师数据结构\linerlist\linerlist\linerlist.cpp(278): error C2146: 语法错误: 缺少“)”(在标识符“L”的前面)
e:\徐老师数据结构\linerlist\linerlist\linerlist.cpp(279): error C2143: 语法错误: 缺少“;”(在“{”的前面)
e:\徐老师数据结构\linerlist\linerlist\linerlist.cpp(279): error C2447: “{”: 缺少函数标题(是否是老式的形式表?)
